<?xml version="1.0" encoding="UTF-8"?>
<testng-results ignored="0" total="3" passed="3" failed="0" skipped="0">
  <reporter-output>
  </reporter-output>
  <suite started-at="2022-07-30T00:07:08 IST" name="Default suite" finished-at="2022-07-30T00:07:34 IST" duration-ms="25441">
    <groups>
      <group name="cucumber">
        <method signature="AbstractTestNGCucumberTests.runScenario(io.cucumber.testng.PickleWrapper,io.cucumber.testng.FeatureWrapper)[pri:0, instance:awesomecucumber.runners.MyTestNGRunnerTest@7a69b07]" name="runScenario" class="io.cucumber.testng.AbstractTestNGCucumberTests"/>
      </group> <!-- cucumber -->
    </groups>
    <test started-at="2022-07-30T00:07:08 IST" name="Default test" finished-at="2022-07-30T00:07:34 IST" duration-ms="25441">
      <class name="awesomecucumber.runners.MyTestNGRunnerTest">
        <test-method is-config="true" signature="setUpClass(org.testng.ITestContext)[pri:0, instance:awesomecucumber.runners.MyTestNGRunnerTest@7a69b07]" started-at="2022-07-30T00:07:08 IST" name="setUpClass" finished-at="2022-07-30T00:07:09 IST" duration-ms="441" status="PASS">
          <params>
            <param index="0">
              <value>
                <![CDATA[org.testng.TestRunner@285d851a]]>
              </value>
            </param>
          </params>
          <reporter-output>
          </reporter-output>
        </test-method> <!-- setUpClass -->
        <test-method signature="runScenario(io.cucumber.testng.PickleWrapper,io.cucumber.testng.FeatureWrapper)[pri:0, instance:awesomecucumber.runners.MyTestNGRunnerTest@7a69b07]" started-at="2022-07-30T00:07:09 IST" name="runScenario" description="Runs Cucumber Scenarios" data-provider="scenarios" finished-at="2022-07-30T00:07:32 IST" duration-ms="23228" status="PASS">
          <params>
            <param index="0">
              <value>
                <![CDATA["using default payment option"]]>
              </value>
            </param>
            <param index="1">
              <value>
                <![CDATA["Optional[Place an order]"]]>
              </value>
            </param>
          </params>
          <reporter-output>
          </reporter-output>
        </test-method> <!-- runScenario -->
        <test-method signature="runScenario(io.cucumber.testng.PickleWrapper,io.cucumber.testng.FeatureWrapper)[pri:0, instance:awesomecucumber.runners.MyTestNGRunnerTest@7a69b07]" started-at="2022-07-30T00:07:09 IST" name="runScenario" description="Runs Cucumber Scenarios" data-provider="scenarios" finished-at="2022-07-30T00:07:27 IST" duration-ms="18571" status="PASS">
          <params>
            <param index="0">
              <value>
                <![CDATA["Add one quantity from Store"]]>
              </value>
            </param>
            <param index="1">
              <value>
                <![CDATA["Optional[Add to cart]"]]>
              </value>
            </param>
          </params>
          <reporter-output>
          </reporter-output>
        </test-method> <!-- runScenario -->
        <test-method signature="runScenario(io.cucumber.testng.PickleWrapper,io.cucumber.testng.FeatureWrapper)[pri:0, instance:awesomecucumber.runners.MyTestNGRunnerTest@7a69b07]" started-at="2022-07-30T00:07:09 IST" name="runScenario" description="Runs Cucumber Scenarios" data-provider="scenarios" finished-at="2022-07-30T00:07:27 IST" duration-ms="18417" status="PASS">
          <params>
            <param index="0">
              <value>
                <![CDATA["Add one quantity from Store"]]>
              </value>
            </param>
            <param index="1">
              <value>
                <![CDATA["Optional[Add to cart]"]]>
              </value>
            </param>
          </params>
          <reporter-output>
          </reporter-output>
        </test-method> <!-- runScenario -->
        <test-method is-config="true" signature="tearDownClass()[pri:0, instance:awesomecucumber.runners.MyTestNGRunnerTest@7a69b07]" started-at="2022-07-30T00:07:32 IST" name="tearDownClass" finished-at="2022-07-30T00:07:34 IST" duration-ms="1734" status="PASS">
          <reporter-output>
          </reporter-output>
        </test-method> <!-- tearDownClass -->
      </class> <!-- awesomecucumber.runners.MyTestNGRunnerTest -->
    </test> <!-- Default test -->
  </suite> <!-- Default suite -->
</testng-results>
